<?xml version="1.0" encoding="UTF-8"?>
<coverage generated="1518834903009" clover="3.2.0">
  <project timestamp="1518834903010" name="All files">
    <metrics statements="39" coveredstatements="39" conditionals="8" coveredconditionals="8" methods="12" coveredmethods="12" elements="59" coveredelements="59" complexity="0" loc="39" ncloc="39" packages="2" files="5" classes="5">
      <package name="serverless-express">
        <metrics statements="35" coveredstatements="35" conditionals="8" coveredconditionals="8" methods="11" coveredmethods="11"/>
        <file name="express.js" path="/Users/bhallililias/Desktop/Projects/serverless-plugins/serverless-express/express.js">
          <metrics statements="11" coveredstatements="11" conditionals="3" coveredconditionals="3" methods="4" coveredmethods="4"/>
          <line num="1" count="2" type="stmt"/>
          <line num="2" count="2" type="stmt"/>
          <line num="3" count="5" type="stmt"/>
          <line num="7" count="5" type="cond" truecount="3" falsecount="0"/>
          <line num="8" count="2" type="stmt"/>
          <line num="9" count="2" type="stmt"/>
          <line num="10" count="1" type="stmt"/>
          <line num="16" count="2" type="stmt"/>
          <line num="18" count="2" type="stmt"/>
          <line num="19" count="2" type="stmt"/>
          <line num="24" count="2" type="stmt"/>
        </file>
        <file name="handler.js" path="/Users/bhallililias/Desktop/Projects/serverless-plugins/serverless-express/handler.js">
          <metrics statements="8" coveredstatements="8" conditionals="3" coveredconditionals="3" methods="3" coveredmethods="3"/>
          <line num="5" count="1" type="stmt"/>
          <line num="6" count="3" type="stmt"/>
          <line num="7" count="3" type="cond" truecount="3" falsecount="0"/>
          <line num="8" count="1" type="stmt"/>
          <line num="9" count="1" type="stmt"/>
          <line num="10" count="1" type="stmt"/>
          <line num="16" count="1" type="stmt"/>
          <line num="21" count="1" type="stmt"/>
        </file>
        <file name="index.js" path="/Users/bhallililias/Desktop/Projects/serverless-plugins/serverless-express/index.js">
          <metrics statements="16" coveredstatements="16" conditionals="2" coveredconditionals="2" methods="4" coveredmethods="4"/>
          <line num="2" count="3" type="stmt"/>
          <line num="3" count="3" type="stmt"/>
          <line num="5" count="3" type="stmt"/>
          <line num="8" count="11" type="stmt"/>
          <line num="9" count="11" type="stmt"/>
          <line num="10" count="11" type="stmt"/>
          <line num="13" count="11" type="stmt"/>
          <line num="15" count="10" type="stmt"/>
          <line num="19" count="10" type="stmt"/>
          <line num="23" count="10" type="stmt"/>
          <line num="27" count="11" type="stmt"/>
          <line num="28" count="10" type="stmt"/>
          <line num="34" count="10" type="stmt"/>
          <line num="35" count="10" type="stmt"/>
          <line num="41" count="11" type="cond" truecount="2" falsecount="0"/>
          <line num="42" count="1" type="stmt"/>
        </file>
      </package>
      <package name="serverless-express.src.aws">
        <metrics statements="4" coveredstatements="4" conditionals="0" coveredconditionals="0" methods="1" coveredmethods="1"/>
        <file name="aws_handler.js" path="/Users/bhallililias/Desktop/Projects/serverless-plugins/serverless-express/src/aws/aws_handler.js">
          <metrics statements="3" coveredstatements="3" conditionals="0" coveredconditionals="0" methods="1" coveredmethods="1"/>
          <line num="1" count="1" type="stmt"/>
          <line num="2" count="1" type="stmt"/>
          <line num="3" count="1" type="stmt"/>
        </file>
        <file name="aws_middleware.js" path="/Users/bhallililias/Desktop/Projects/serverless-plugins/serverless-express/src/aws/aws_middleware.js">
          <metrics statements="1" coveredstatements="1" conditionals="0" coveredconditionals="0" methods="0" coveredmethods="0"/>
          <line num="1" count="2" type="stmt"/>
        </file>
      </package>
    </metrics>
  </project>
</coverage>
