{"/Users/bhallililias/Desktop/Projects/serverless-plugins/serverless-express/express.js": {"path":"/Users/bhallililias/Desktop/Projects/serverless-plugins/serverless-express/express.js","statementMap":{"0":{"start":{"line":1,"column":16},"end":{"line":1,"column":34}},"1":{"start":{"line":2,"column":0},"end":{"line":4,"column":1}},"2":{"start":{"line":3,"column":4},"end":{"line":3,"column":31}},"3":{"start":{"line":7,"column":4},"end":{"line":11,"column":5}},"4":{"start":{"line":8,"column":20},"end":{"line":8,"column":44}},"5":{"start":{"line":9,"column":23},"end":{"line":9,"column":50}},"6":{"start":{"line":10,"column":17},"end":{"line":10,"column":27}},"7":{"start":{"line":16,"column":23},"end":{"line":16,"column":58}},"8":{"start":{"line":18,"column":4},"end":{"line":18,"column":27}},"9":{"start":{"line":19,"column":4},"end":{"line":19,"column":14}},"10":{"start":{"line":24,"column":4},"end":{"line":24,"column":14}}},"fnMap":{"0":{"name":"(anonymous_0)","decl":{"start":{"line":2,"column":17},"end":{"line":2,"column":18}},"loc":{"start":{"line":2,"column":21},"end":{"line":4,"column":1}},"line":2},"1":{"name":"implement","decl":{"start":{"line":6,"column":9},"end":{"line":6,"column":18}},"loc":{"start":{"line":6,"column":23},"end":{"line":12,"column":1}},"line":6},"2":{"name":"aws_express","decl":{"start":{"line":17,"column":9},"end":{"line":17,"column":20}},"loc":{"start":{"line":17,"column":25},"end":{"line":20,"column":1}},"line":17},"3":{"name":"google_express","decl":{"start":{"line":23,"column":9},"end":{"line":23,"column":23}},"loc":{"start":{"line":23,"column":28},"end":{"line":25,"column":1}},"line":23}},"branchMap":{"0":{"loc":{"start":{"line":7,"column":4},"end":{"line":11,"column":5}},"type":"switch","locations":[{"start":{"line":8,"column":8},"end":{"line":8,"column":44}},{"start":{"line":9,"column":8},"end":{"line":9,"column":50}},{"start":{"line":10,"column":8},"end":{"line":10,"column":27}}],"line":7}},"s":{"0":2,"1":2,"2":5,"3":5,"4":2,"5":2,"6":1,"7":2,"8":2,"9":2,"10":2},"f":{"0":5,"1":5,"2":2,"3":2},"b":{"0":[2,2,1]},"_coverageSchema":"332fd63041d2c1bcb487cc26dd0d5f7d97098a6c","hash":"7a90e8975f7052b28d130eb7b28489f37e6275bf"}
,"/Users/bhallililias/Desktop/Projects/serverless-plugins/serverless-express/handler.js": {"path":"/Users/bhallililias/Desktop/Projects/serverless-plugins/serverless-express/handler.js","statementMap":{"0":{"start":{"line":5,"column":0},"end":{"line":12,"column":1}},"1":{"start":{"line":6,"column":19},"end":{"line":6,"column":61}},"2":{"start":{"line":7,"column":4},"end":{"line":11,"column":5}},"3":{"start":{"line":8,"column":20},"end":{"line":8,"column":54}},"4":{"start":{"line":9,"column":23},"end":{"line":9,"column":68}},"5":{"start":{"line":10,"column":17},"end":{"line":10,"column":94}},"6":{"start":{"line":16,"column":4},"end":{"line":16,"column":52}},"7":{"start":{"line":21,"column":4},"end":{"line":21,"column":18}}},"fnMap":{"0":{"name":"(anonymous_0)","decl":{"start":{"line":5,"column":17},"end":{"line":5,"column":18}},"loc":{"start":{"line":5,"column":28},"end":{"line":12,"column":1}},"line":5},"1":{"name":"aws_lambda_handle","decl":{"start":{"line":15,"column":9},"end":{"line":15,"column":26}},"loc":{"start":{"line":15,"column":35},"end":{"line":17,"column":1}},"line":15},"2":{"name":"google_cloud_function_handle","decl":{"start":{"line":20,"column":9},"end":{"line":20,"column":37}},"loc":{"start":{"line":20,"column":46},"end":{"line":22,"column":1}},"line":20}},"branchMap":{"0":{"loc":{"start":{"line":7,"column":4},"end":{"line":11,"column":5}},"type":"switch","locations":[{"start":{"line":8,"column":8},"end":{"line":8,"column":54}},{"start":{"line":9,"column":8},"end":{"line":9,"column":68}},{"start":{"line":10,"column":8},"end":{"line":10,"column":94}}],"line":7}},"s":{"0":1,"1":3,"2":3,"3":1,"4":1,"5":1,"6":1,"7":1},"f":{"0":3,"1":1,"2":1},"b":{"0":[1,1,1]},"_coverageSchema":"332fd63041d2c1bcb487cc26dd0d5f7d97098a6c","hash":"8501653c3761509169feb8cc7389c285f694388e"}
,"/Users/bhallililias/Desktop/Projects/serverless-plugins/serverless-express/index.js": {"path":"/Users/bhallililias/Desktop/Projects/serverless-plugins/serverless-express/index.js","statementMap":{"0":{"start":{"line":2,"column":8},"end":{"line":2,"column":25}},"1":{"start":{"line":3,"column":10},"end":{"line":3,"column":32}},"2":{"start":{"line":5,"column":0},"end":{"line":45,"column":1}},"3":{"start":{"line":8,"column":4},"end":{"line":8,"column":32}},"4":{"start":{"line":9,"column":4},"end":{"line":9,"column":77}},"5":{"start":{"line":10,"column":4},"end":{"line":10,"column":71}},"6":{"start":{"line":13,"column":4},"end":{"line":13,"column":24}},"7":{"start":{"line":15,"column":4},"end":{"line":17,"column":6}},"8":{"start":{"line":19,"column":4},"end":{"line":21,"column":6}},"9":{"start":{"line":23,"column":4},"end":{"line":23,"column":26}},"10":{"start":{"line":27,"column":4},"end":{"line":27,"column":23}},"11":{"start":{"line":28,"column":4},"end":{"line":28,"column":33}},"12":{"start":{"line":34,"column":4},"end":{"line":34,"column":71}},"13":{"start":{"line":35,"column":4},"end":{"line":35,"column":66}},"14":{"start":{"line":41,"column":4},"end":{"line":41,"column":75}},"15":{"start":{"line":41,"column":67},"end":{"line":41,"column":73}},"16":{"start":{"line":42,"column":4},"end":{"line":42,"column":78}}},"fnMap":{"0":{"name":"(anonymous_0)","decl":{"start":{"line":7,"column":2},"end":{"line":7,"column":3}},"loc":{"start":{"line":7,"column":35},"end":{"line":24,"column":3}},"line":7},"1":{"name":"(anonymous_1)","decl":{"start":{"line":26,"column":2},"end":{"line":26,"column":3}},"loc":{"start":{"line":26,"column":17},"end":{"line":29,"column":3}},"line":26},"2":{"name":"(anonymous_2)","decl":{"start":{"line":33,"column":2},"end":{"line":33,"column":3}},"loc":{"start":{"line":33,"column":26},"end":{"line":36,"column":3}},"line":33},"3":{"name":"(anonymous_3)","decl":{"start":{"line":40,"column":2},"end":{"line":40,"column":3}},"loc":{"start":{"line":40,"column":16},"end":{"line":43,"column":3}},"line":40}},"branchMap":{"0":{"loc":{"start":{"line":41,"column":4},"end":{"line":41,"column":75}},"type":"if","locations":[{"start":{"line":41,"column":4},"end":{"line":41,"column":75}},{"start":{"line":41,"column":4},"end":{"line":41,"column":75}}],"line":41}},"s":{"0":3,"1":3,"2":3,"3":11,"4":11,"5":11,"6":11,"7":10,"8":10,"9":10,"10":11,"11":10,"12":10,"13":10,"14":11,"15":10,"16":1},"f":{"0":11,"1":11,"2":10,"3":11},"b":{"0":[10,1]},"_coverageSchema":"332fd63041d2c1bcb487cc26dd0d5f7d97098a6c","hash":"7a3284ae662dff39e3fe708687a9d9f067e16409"}
,"/Users/bhallililias/Desktop/Projects/serverless-plugins/serverless-express/src/aws/aws_handler.js": {"path":"/Users/bhallililias/Desktop/Projects/serverless-plugins/serverless-express/src/aws/aws_handler.js","statementMap":{"0":{"start":{"line":1,"column":27},"end":{"line":1,"column":60}},"1":{"start":{"line":2,"column":0},"end":{"line":4,"column":1}},"2":{"start":{"line":3,"column":4},"end":{"line":3,"column":95}}},"fnMap":{"0":{"name":"(anonymous_0)","decl":{"start":{"line":2,"column":17},"end":{"line":2,"column":18}},"loc":{"start":{"line":2,"column":31},"end":{"line":4,"column":1}},"line":2}},"branchMap":{},"s":{"0":1,"1":1,"2":1},"f":{"0":1},"b":{},"_coverageSchema":"332fd63041d2c1bcb487cc26dd0d5f7d97098a6c","hash":"0f9a2b36d6c096b39fe940b4cf27e0cea54d1751"}
,"/Users/bhallililias/Desktop/Projects/serverless-plugins/serverless-express/src/aws/aws_middleware.js": {"path":"/Users/bhallililias/Desktop/Projects/serverless-plugins/serverless-express/src/aws/aws_middleware.js","statementMap":{"0":{"start":{"line":1,"column":0},"end":{"line":1,"column":76}}},"fnMap":{},"branchMap":{},"s":{"0":2},"f":{},"b":{},"_coverageSchema":"332fd63041d2c1bcb487cc26dd0d5f7d97098a6c","hash":"38973e2d3ee01df11ee2dcee6d817622d1d9163e"}
}
