TN:
SF:/Users/bhallililias/Desktop/Projects/serverless-plugins/serverless-express/express.js
FN:2,(anonymous_0)
FN:6,implement
FN:17,aws_express
FN:23,google_express
FNF:4
FNH:4
FNDA:5,(anonymous_0)
FNDA:5,implement
FNDA:2,aws_express
FNDA:2,google_express
DA:1,2
DA:2,2
DA:3,5
DA:7,5
DA:8,2
DA:9,2
DA:10,1
DA:16,2
DA:18,2
DA:19,2
DA:24,2
LF:11
LH:11
BRDA:7,0,0,2
BRDA:7,0,1,2
BRDA:7,0,2,1
BRF:3
BRH:3
end_of_record
TN:
SF:/Users/bhallililias/Desktop/Projects/serverless-plugins/serverless-express/handler.js
FN:5,(anonymous_0)
FN:15,aws_lambda_handle
FN:20,google_cloud_function_handle
FNF:3
FNH:3
FNDA:3,(anonymous_0)
FNDA:1,aws_lambda_handle
FNDA:1,google_cloud_function_handle
DA:5,1
DA:6,3
DA:7,3
DA:8,1
DA:9,1
DA:10,1
DA:16,1
DA:21,1
LF:8
LH:8
BRDA:7,0,0,1
BRDA:7,0,1,1
BRDA:7,0,2,1
BRF:3
BRH:3
end_of_record
TN:
SF:/Users/bhallililias/Desktop/Projects/serverless-plugins/serverless-express/index.js
FN:7,(anonymous_0)
FN:26,(anonymous_1)
FN:33,(anonymous_2)
FN:40,(anonymous_3)
FNF:4
FNH:4
FNDA:11,(anonymous_0)
FNDA:11,(anonymous_1)
FNDA:10,(anonymous_2)
FNDA:11,(anonymous_3)
DA:2,3
DA:3,3
DA:5,3
DA:8,11
DA:9,11
DA:10,11
DA:13,11
DA:15,10
DA:19,10
DA:23,10
DA:27,11
DA:28,10
DA:34,10
DA:35,10
DA:41,11
DA:42,1
LF:16
LH:16
BRDA:41,0,0,10
BRDA:41,0,1,1
BRF:2
BRH:2
end_of_record
TN:
SF:/Users/bhallililias/Desktop/Projects/serverless-plugins/serverless-express/src/aws/aws_handler.js
FN:2,(anonymous_0)
FNF:1
FNH:1
FNDA:1,(anonymous_0)
DA:1,1
DA:2,1
DA:3,1
LF:3
LH:3
BRF:0
BRH:0
end_of_record
TN:
SF:/Users/bhallililias/Desktop/Projects/serverless-plugins/serverless-express/src/aws/aws_middleware.js
FNF:0
FNH:0
DA:1,2
LF:1
LH:1
BRF:0
BRH:0
end_of_record
